accerciser
alacritty
alsa-utils
arc-gtk-theme
autoconf
automake
awesome
baobab
base
bat
bison
btop
calcurse
calibre
cheese
cmatrix
cowsay
ctop
dconf-editor
devhelp
dhcpcd
dmenu
dnsmasq
docker
duf
dunst
efibootmgr
eog
epiphany
evince
evolution
exa
fakeroot
fd
feh
file-roller
firefox
firefox-i18n-es-es
five-or-more
flex
four-in-a-row
gcc
gdm
geary
gedit
ghex
git
github-cli
glade
gnome-backgrounds
gnome-books
gnome-boxes
gnome-builder
gnome-calculator
gnome-calendar
gnome-characters
gnome-chess
gnome-clocks
gnome-code-assistance
gnome-color-manager
gnome-connections
gnome-contacts
gnome-control-center
gnome-devel-docs
gnome-disk-utility
gnome-font-viewer
gnome-games
gnome-keyring
gnome-klotski
gnome-logs
gnome-mahjongg
gnome-maps
gnome-menus
gnome-mines
gnome-multi-writer
gnome-music
gnome-nettool
gnome-nibbles
gnome-photos
gnome-recipes
gnome-remote-desktop
gnome-robots
gnome-session
gnome-settings-daemon
gnome-shell
gnome-shell-extensions
gnome-software
gnome-sound-recorder
gnome-sudoku
gnome-system-monitor
gnome-taquin
gnome-terminal
gnome-tetravex
gnome-themes-extra
gnome-todo
gnome-tweaks
gnome-usage
gnome-user-docs
gnome-user-share
gnome-video-effects
gnome-weather
gparted
grilo-plugins
grub
gvfs
gvfs-afc
gvfs-goa
gvfs-google
gvfs-gphoto2
gvfs-mtp
gvfs-nfs
gvfs-smb
hitori
htop
i3lock
iagno
iptables-nft
jdk11-openjdk
jq
keepass
kitty
lazygit
libguestfs
libtool
lightdm
lightsoff
links
linux-firmware
linux-lts
linux-lts-headers
lxappearance
lynx
m4
maim
make
mediainfo
mpc
mpd
mpv
mutter
nano
nautilus
ncdu
ncmpcpp
neofetch
net-tools
network-manager-applet
networkmanager
newsboat
nmap
nnn
nodejs-lts-gallium
openbsd-netcat
openvpn
orca
p7zip
pamixer
pandoc
pass
pasystray
patch
pavucontrol
picom
pkgconf
playerctl
plocate
polari
pulseaudio
pulsemixer
python-pip
quadrapassel
ranger
remmina
ripgrep
rofi
rygel
scrot
simple-scan
steam
stow
sudo
surfraw
sushi
swell-foop
sxiv
sysprof
tali
task
texinfo
the_silver_searcher
tig
timew
tmux
totem
tracker
tracker-miners
tracker3-miners
transmission-cli
unrar
unzip
urlscan
veracrypt
vim
vino
virt-manager
virt-viewer
vlc
volumeicon
w3m
wget
which
wmctrl
xclip
xdg-user-dirs-gtk
xf86-video-nouveau
xf86-video-vesa
xorg-bdftopcf
xorg-docs
xorg-font-util
xorg-fonts-100dpi
xorg-fonts-75dpi
xorg-fonts-encodings
xorg-iceauth
xorg-mkfontscale
xorg-server
xorg-server-common
xorg-server-devel
xorg-server-xephyr
xorg-server-xnest
xorg-server-xvfb
xorg-sessreg
xorg-setxkbmap
xorg-smproxy
xorg-x11perf
xorg-xauth
xorg-xbacklight
xorg-xcmsdb
xorg-xcursorgen
xorg-xdpyinfo
xorg-xdriinfo
xorg-xev
xorg-xgamma
xorg-xhost
xorg-xinit
xorg-xinput
xorg-xkbcomp
xorg-xkbevd
xorg-xkbutils
xorg-xkill
xorg-xlsatoms
xorg-xlsclients
xorg-xmodmap
xorg-xpr
xorg-xprop
xorg-xrandr
xorg-xrdb
xorg-xrefresh
xorg-xset
xorg-xsetroot
xorg-xvinfo
xorg-xwayland
xorg-xwd
xorg-xwininfo
xorg-xwud
xsel
xterm
yarn
yelp
youtube-dl
yt-dlp
zathura
zathura-cb
zathura-pdf-mupdf
zathura-ps
zsh
